============================= test session starts =============================
platform win32 -- Python 3.13.14, pytest-9.1.1, pluggy-1.6.0 -- C:\Users\HP\AppData\Local\Programs\Python\Python313\python.exe
cachedir: .pytest_cache
rootdir: D:\Python\Data sets by campusx\Mangesh
plugins: anyio-4.14.2, Faker-40.38.0, asyncio-1.4.0, cov-7.1.0, flask-1.3.0
asyncio: mode=Mode.STRICT, debug=False, asyncio_default_fixture_loop_scope=None, asyncio_default_test_loop_scope=function
collecting ... collected 46 items

backend/tests/test_experiment_diff.py::test_experiment_diff_service_computation PASSED [  2%]
backend/tests/test_phase11_research.py::test_pre_registration_manifest_integrity PASSED [  4%]
backend/tests/test_phase11_research.py::test_frozen_protocol_constants PASSED [  6%]
backend/tests/test_phase11_research.py::test_four_phase_stability_execution_runner PASSED [  8%]
backend/tests/test_phase11_research.py::test_mathematical_score_combination PASSED [ 10%]
backend/tests/test_phase11_research.py::test_zero_leakage_locked_test_isolation PASSED [ 13%]
backend/tests/test_phase11_research.py::test_paired_statistics_engine PASSED [ 15%]
backend/tests/test_phase11_research.py::test_research_analysis_report_generation PASSED [ 17%]
backend/tests/test_phase11_research.py::test_platform_api_blocks_rank_aggregation_stability PASSED [ 19%]
backend/tests/test_consolidated_invariants.py::test_domain1_locked_test_indices_leakage_barrier PASSED [ 21%]
backend/tests/test_consolidated_invariants.py::test_domain1_row_uid_reordering_invariance PASSED [ 23%]
backend/tests/test_consolidated_invariants.py::test_domain2_transformer_and_selector_fit_scope PASSED [ 26%]
backend/tests/test_consolidated_invariants.py::test_domain3_feature_selection_tie_break_determinism PASSED [ 28%]
backend/tests/test_consolidated_invariants.py::test_domain3_threshold_tie_break_distance_to_half PASSED [ 30%]
backend/tests/test_consolidated_invariants.py::test_domain4_stability_rejection_api_and_service PASSED [ 32%]
backend/tests/test_consolidated_invariants.py::test_domain5_out_of_fold_threshold_invariance PASSED [ 34%]
backend/tests/test_consolidated_invariants.py::test_domain6_locked_test_one_time_consumption PASSED [ 36%]
backend/tests/test_consolidated_invariants.py::test_domain7_training_concurrency_protection PASSED [ 39%]
backend/tests/test_consolidated_invariants.py::test_domain8_state_legality_vs_gate_eligibility_separation PASSED [ 41%]
backend/tests/test_attack_lab.py::test_attack_lab_execution_and_manifest_fidelity PASSED [ 43%]
backend/tests/test_deployment_gate_service.py::test_condition_1_locked_test_evaluated_strictness PASSED [ 45%]
backend/tests/test_deployment_gate_service.py::test_condition_2_schema_locked PASSED [ 47%]
backend/tests/test_deployment_gate_service.py::test_condition_3_artifact_verified_disk_checksum PASSED [ 50%]
backend/tests/test_deployment_gate_service.py::test_condition_4_lineage_complete PASSED [ 52%]
backend/tests/test_deployment_gate_service.py::test_condition_5_performance_threshold_tri_state PASSED [ 54%]
backend/tests/test_deployment_gate_service.py::test_condition_6_self_approval_rejection_service_level PASSED [ 56%]
backend/tests/test_deployment_gate_service.py::test_self_approval_rejection_via_api_endpoints PASSED [ 58%]
backend/tests/test_checkpoint2_model_passport_and_e2e.py::test_checkpoint2_full_pipeline_live_and_invariants PASSED [ 60%]
backend/tests/test_checkpoint2_model_passport_and_e2e.py::test_model_passport_strict_select_and_zero_recomputation PASSED [ 63%]
backend/tests/test_checkpoint2_model_passport_and_e2e.py::test_model_passport_404_for_unknown_model PASSED [ 65%]
backend/tests/test_lineage_and_reproducibility.py::test_acceptance_check_a_live_capture_and_real_versions PASSED [ 67%]
backend/tests/test_lineage_and_reproducibility.py::test_acceptance_check_b_artifact_checksum_and_tamper_detection PASSED [ 69%]
backend/tests/test_lineage_and_reproducibility.py::test_acceptance_check_c_transformation_snapshot_immutability PASSED [ 71%]
backend/tests/test_lineage_and_reproducibility.py::test_acceptance_check_d_feature_selection_snapshot_matches_full_dev_refit PASSED [ 73%]
backend/tests/test_lineage_and_reproducibility.py::test_acceptance_check_e_experiment_config_immutability PASSED [ 76%]
backend/tests/test_lineage_and_reproducibility.py::test_acceptance_check_f_backfill_script_marks_approximate PASSED [ 78%]
backend/tests/test_lineage_and_reproducibility.py::test_acceptance_check_g_no_new_locked_test_calls PASSED [ 80%]
backend/tests/test_lineage_and_reproducibility.py::test_lineage_api_endpoint PASSED [ 82%]
backend/tests/test_lineage_and_reproducibility.py::test_lineage_api_endpoint_backfilled_experiment PASSED [ 84%]
backend/tests/test_lineage_and_reproducibility.py::test_artifact_write_then_commit_lifecycle PASSED [ 86%]
backend/tests/test_lineage_and_reproducibility.py::test_artifact_write_failure_leaves_no_dangling_db_row PASSED [ 89%]
backend/tests/test_lineage_and_reproducibility.py::test_db_commit_failure_orphaned_file_cleaned_up PASSED [ 91%]
backend/tests/test_lineage_and_reproducibility.py::test_db_commit_failure_cleanup_fails_marked_orphaned_recoverable PASSED [ 93%]
backend/tests/test_lineage_and_reproducibility.py::test_reproduce_experiment_frozen_tolerances_success PASSED [ 95%]
backend/tests/test_lineage_and_reproducibility.py::test_reproduce_experiment_discrepancy_exceeding_tolerance PASSED [ 97%]
backend/tests/test_lineage_and_reproducibility.py::test_reproduce_experiment_endpoint_api PASSED [100%]

============================== warnings summary ===============================
backend/tests/test_phase11_research.py::test_four_phase_stability_execution_runner
backend/tests/test_phase11_research.py::test_four_phase_stability_execution_runner
backend/tests/test_phase11_research.py::test_four_phase_stability_execution_runner
backend/tests/test_phase11_research.py::test_four_phase_stability_execution_runner
backend/tests/test_phase11_research.py::test_four_phase_stability_execution_runner
backend/tests/test_phase11_research.py::test_four_phase_stability_execution_runner
backend/tests/test_phase11_research.py::test_four_phase_stability_execution_runner
backend/tests/test_phase11_research.py::test_four_phase_stability_execution_runner
  C:\Users\HP\AppData\Local\Programs\Python\Python313\Lib\site-packages\sklearn\linear_model\_logistic.py:599: ConvergenceWarning: lbfgs failed to converge after 500 iteration(s) (status=1):
  STOP: TOTAL NO. OF ITERATIONS REACHED LIMIT
  
  Increase the number of iterations to improve the convergence (max_iter=500).
  You might also want to scale the data as shown in:
      https://scikit-learn.org/stable/modules/preprocessing.html
  Please also refer to the documentation for alternative solver options:
      https://scikit-learn.org/stable/modules/linear_model.html#logistic-regression
    n_iter_i = _check_optimize_result(

-- Docs: https://docs.pytest.org/en/stable/how-to/capture-warnings.html
================== 46 passed, 8 warnings in 69.96s (0:01:09) ==================
