============================= test session starts =============================
platform win32 -- Python 3.13.14, pytest-9.1.1, pluggy-1.6.0 -- C:\Users\HP\AppData\Local\Programs\Python\Python313\python.exe
cachedir: .pytest_cache
rootdir: D:\Python\Data sets by campusx\Mangesh
configfile: pytest.ini
plugins: anyio-4.14.2, Faker-40.38.0, asyncio-1.4.0, cov-7.1.0, flask-1.3.0
asyncio: mode=Mode.STRICT, debug=False, asyncio_default_fixture_loop_scope=None, asyncio_default_test_loop_scope=function
collecting ... collected 78 items

backend/tests/test_canonical_trainers.py::test_regression_canonical_resolution[LinearRegression-LinearRegression-LinearRegression] PASSED [  1%]
backend/tests/test_canonical_trainers.py::test_regression_canonical_resolution[linear_regression-LinearRegression-LinearRegression] PASSED [  2%]
backend/tests/test_canonical_trainers.py::test_regression_canonical_resolution[Linear Regression-LinearRegression-LinearRegression] PASSED [  3%]
backend/tests/test_canonical_trainers.py::test_regression_canonical_resolution[linearregression-LinearRegression-LinearRegression] PASSED [  5%]
backend/tests/test_canonical_trainers.py::test_regression_canonical_resolution[Ridge-Ridge-Ridge] PASSED [  6%]
backend/tests/test_canonical_trainers.py::test_regression_canonical_resolution[ridge-Ridge-Ridge] PASSED [  7%]
backend/tests/test_canonical_trainers.py::test_regression_canonical_resolution[ridge_regression-Ridge-Ridge] PASSED [  8%]
backend/tests/test_canonical_trainers.py::test_regression_canonical_resolution[Ridge Regression-Ridge-Ridge] PASSED [ 10%]
backend/tests/test_canonical_trainers.py::test_regression_canonical_resolution[RidgeRegression-Ridge-Ridge] PASSED [ 11%]
backend/tests/test_canonical_trainers.py::test_regression_canonical_resolution[RandomForestRegressor-RandomForestRegressor-RandomForestRegressor] PASSED [ 12%]
backend/tests/test_canonical_trainers.py::test_regression_canonical_resolution[random_forest_regressor-RandomForestRegressor-RandomForestRegressor] PASSED [ 14%]
backend/tests/test_canonical_trainers.py::test_regression_canonical_resolution[Random Forest Regressor-RandomForestRegressor-RandomForestRegressor] PASSED [ 15%]
backend/tests/test_canonical_trainers.py::test_regression_canonical_resolution[Random Forest-RandomForestRegressor-RandomForestRegressor] PASSED [ 16%]
backend/tests/test_canonical_trainers.py::test_regression_canonical_resolution[GradientBoostingRegressor-GradientBoostingRegressor-GradientBoostingRegressor] PASSED [ 17%]
backend/tests/test_canonical_trainers.py::test_regression_canonical_resolution[gradient_boosting_regressor-GradientBoostingRegressor-GradientBoostingRegressor] PASSED [ 19%]
backend/tests/test_canonical_trainers.py::test_regression_canonical_resolution[Gradient Boosting Regressor-GradientBoostingRegressor-GradientBoostingRegressor] PASSED [ 20%]
backend/tests/test_canonical_trainers.py::test_regression_canonical_resolution[Gradient Boosting-GradientBoostingRegressor-GradientBoostingRegressor] PASSED [ 21%]
backend/tests/test_canonical_trainers.py::test_regression_supported_algorithms_list PASSED [ 23%]
backend/tests/test_canonical_trainers.py::test_classification_canonical_resolution[LogisticRegression-LogisticRegression-LogisticRegression] PASSED [ 24%]
backend/tests/test_canonical_trainers.py::test_classification_canonical_resolution[logistic_regression-LogisticRegression-LogisticRegression] PASSED [ 25%]
backend/tests/test_canonical_trainers.py::test_classification_canonical_resolution[Logistic Regression-LogisticRegression-LogisticRegression] PASSED [ 26%]
backend/tests/test_canonical_trainers.py::test_classification_canonical_resolution[logisticregression-LogisticRegression-LogisticRegression] PASSED [ 28%]
backend/tests/test_canonical_trainers.py::test_classification_canonical_resolution[RandomForestClassifier-RandomForestClassifier-RandomForestClassifier] PASSED [ 29%]
backend/tests/test_canonical_trainers.py::test_classification_canonical_resolution[random_forest_classifier-RandomForestClassifier-RandomForestClassifier] PASSED [ 30%]
backend/tests/test_canonical_trainers.py::test_classification_canonical_resolution[Random Forest Classifier-RandomForestClassifier-RandomForestClassifier] PASSED [ 32%]
backend/tests/test_canonical_trainers.py::test_classification_canonical_resolution[Random Forest-RandomForestClassifier-RandomForestClassifier] PASSED [ 33%]
backend/tests/test_canonical_trainers.py::test_classification_canonical_resolution[GradientBoostingClassifier-GradientBoostingClassifier-GradientBoostingClassifier] PASSED [ 34%]
backend/tests/test_canonical_trainers.py::test_classification_canonical_resolution[gradient_boosting_classifier-GradientBoostingClassifier-GradientBoostingClassifier] PASSED [ 35%]
backend/tests/test_canonical_trainers.py::test_classification_canonical_resolution[Gradient Boosting Classifier-GradientBoostingClassifier-GradientBoostingClassifier] PASSED [ 37%]
backend/tests/test_canonical_trainers.py::test_classification_canonical_resolution[Gradient Boosting-GradientBoostingClassifier-GradientBoostingClassifier] PASSED [ 38%]
backend/tests/test_canonical_trainers.py::test_classification_supported_algorithms_list PASSED [ 39%]
backend/tests/test_canonical_trainers.py::test_strict_prohibition_of_bare_rf[RF] PASSED [ 41%]
backend/tests/test_canonical_trainers.py::test_strict_prohibition_of_bare_rf[rf] PASSED [ 42%]
backend/tests/test_canonical_trainers.py::test_strict_prohibition_of_bare_rf[Rf] PASSED [ 43%]
backend/tests/test_canonical_trainers.py::test_strict_prohibition_of_bare_rf[rf_regressor] PASSED [ 44%]
backend/tests/test_canonical_trainers.py::test_strict_prohibition_of_bare_rf[rf_classifier] PASSED [ 46%]
backend/tests/test_canonical_trainers.py::test_unsupported_algorithm_names_rejected[XGBoost] PASSED [ 47%]
backend/tests/test_canonical_trainers.py::test_unsupported_algorithm_names_rejected[LightGBM] PASSED [ 48%]
backend/tests/test_canonical_trainers.py::test_unsupported_algorithm_names_rejected[CatBoost] PASSED [ 50%]
backend/tests/test_canonical_trainers.py::test_unsupported_algorithm_names_rejected[NeuralNet] PASSED [ 51%]
backend/tests/test_canonical_trainers.py::test_unsupported_algorithm_names_rejected[SVM] PASSED [ 52%]
backend/tests/test_canonical_trainers.py::test_unsupported_algorithm_names_rejected[DecisionTree] PASSED [ 53%]
backend/tests/test_canonical_trainers.py::test_unsupported_algorithm_names_rejected[invalid] PASSED [ 55%]
backend/tests/test_canonical_trainers.py::test_unsupported_algorithm_names_rejected[] PASSED [ 56%]
backend/tests/test_canonical_trainers.py::test_unsupported_algorithm_names_rejected[None] PASSED [ 57%]
backend/tests/test_canonical_trainers.py::test_cross_task_algorithm_rejection PASSED [ 58%]
backend/tests/test_canonical_trainers.py::test_pipeline_generation_freshness PASSED [ 60%]
backend/tests/test_canonical_trainers.py::test_end_to_end_regression_algorithms PASSED [ 61%]
backend/tests/test_canonical_trainers.py::test_end_to_end_classification_algorithms PASSED [ 62%]
backend/tests/test_concurrency_protection.py::test_start_training_transitions_to_training PASSED [ 64%]
backend/tests/test_concurrency_protection.py::test_second_start_attempt_rejected_with_409 PASSED [ 65%]
backend/tests/test_concurrency_protection.py::test_concurrent_training_starts_exactly_one_winner_others_409 PASSED [ 66%]
backend/tests/test_concurrency_protection.py::test_api_start_experiment_training_endpoint_concurrency PASSED [ 67%]
backend/tests/test_config_freeze.py::test_freeze_experiment_config_transitions_created_to_configured PASSED [ 69%]
backend/tests/test_config_freeze.py::test_refreeze_attempt_is_strictly_rejected PASSED [ 70%]
backend/tests/test_config_freeze.py::test_refreeze_rejected_for_all_subsequent_lifecycle_states[TRAINING] PASSED [ 71%]
backend/tests/test_config_freeze.py::test_refreeze_rejected_for_all_subsequent_lifecycle_states[EVALUATED] PASSED [ 73%]
backend/tests/test_config_freeze.py::test_refreeze_rejected_for_all_subsequent_lifecycle_states[TEST_CONSUMED] PASSED [ 74%]
backend/tests/test_config_freeze.py::test_refreeze_rejected_for_all_subsequent_lifecycle_states[REGISTERED] PASSED [ 75%]
backend/tests/test_config_freeze.py::test_freeze_via_api_endpoint PASSED [ 76%]
backend/tests/test_config_freeze.py::test_configured_experiment_can_start_training PASSED [ 78%]
backend/tests/test_day6_full_cv_run.py::test_end_to_end_regression_cv_run PASSED [ 79%]
backend/tests/test_day6_full_cv_run.py::test_end_to_end_classification_cv_run PASSED [ 80%]
backend/tests/test_day6_full_cv_run.py::test_concurrency_lock_blocks_second_simultaneous_attempt PASSED [ 82%]
backend/tests/test_model_training.py::test_trainer_pipeline_unfit_freshness PASSED [ 83%]
backend/tests/test_model_training.py::test_acceptance_check_a_and_b_regression_training_and_shared_selection PASSED [ 84%]
backend/tests/test_model_training.py::test_acceptance_check_c_zero_leakage PASSED [ 85%]
backend/tests/test_model_training.py::test_acceptance_check_d_single_algorithm_failure_isolation PASSED [ 87%]
backend/tests/test_model_training.py::test_acceptance_check_e_determinism_across_runs PASSED [ 88%]
backend/tests/test_model_training.py::test_acceptance_check_f_task_type_mismatch_422 PASSED [ 89%]
backend/tests/test_model_training.py::test_api_experiments_endpoints_and_rbac PASSED [ 91%]
backend/tests/test_state_wiring.py::test_experiment_state_all_canonical_values_persist PASSED [ 92%]
backend/tests/test_state_wiring.py::test_experiment_state_invalid_value_rejected PASSED [ 93%]
backend/tests/test_state_wiring.py::test_model_state_all_canonical_values_persist PASSED [ 94%]
backend/tests/test_state_wiring.py::test_model_state_invalid_value_rejected PASSED [ 96%]
backend/tests/test_state_wiring.py::test_deployment_state_all_canonical_values_persist PASSED [ 97%]
backend/tests/test_state_wiring.py::test_deployment_state_invalid_value_rejected PASSED [ 98%]
backend/tests/test_state_wiring.py::test_four_status_columns_are_strictly_independent PASSED [100%]

============================= 78 passed in 41.40s =============================
