============================= test session starts =============================
platform win32 -- Python 3.13.14, pytest-9.1.1, pluggy-1.6.0 -- C:\Users\HP\AppData\Local\Programs\Python\Python313\python.exe
cachedir: .pytest_cache
rootdir: D:\Python\Data sets by campusx\Mangesh
configfile: pytest.ini
plugins: anyio-4.14.2, Faker-40.38.0, asyncio-1.4.0, cov-7.1.0, flask-1.3.0
asyncio: mode=Mode.STRICT, debug=False, asyncio_default_fixture_loop_scope=None, asyncio_default_test_loop_scope=function
collecting ... collected 17 items

backend/tests/test_profiling.py::test_acceptance_a_adversarial_locked_test_isolation PASSED [  5%]
backend/tests/test_profiling.py::test_acceptance_b_missing_split_guard PASSED [ 11%]
backend/tests/test_profiling.py::test_acceptance_c_dqi_no_numeric_columns_renormalization PASSED [ 17%]
backend/tests/test_profiling.py::test_dqi_subscores_handcrafted_calculations PASSED [ 23%]
backend/tests/test_profiling.py::test_dqi_custom_weights_and_empty_edge_cases PASSED [ 29%]
backend/tests/test_profiling.py::test_acceptance_d_task_type_detection_synthetic_targets PASSED [ 35%]
backend/tests/test_profiling.py::test_diagnostics_five_field_recommendations PASSED [ 41%]
backend/tests/test_profiling.py::test_profiling_api_endpoints_full_lifecycle PASSED [ 47%]
backend/tests/test_profiling.py::test_api_dqi_renormalization_no_numeric_columns PASSED [ 52%]
backend/tests/test_profiling.py::test_profiling_state_guard_and_development_partition_storage PASSED [ 58%]
backend/tests/test_profiling.py::test_api_task_type_detection_ambiguity_blocks_auto_selection PASSED [ 64%]
backend/tests/test_profiling.py::test_recommendations_schema_and_computed_evidence_rules PASSED [ 70%]
backend/tests/test_day1_metrics.py::test_contract_metric_naming_strings PASSED [ 76%]
backend/tests/test_day1_metrics.py::test_evaluation_service_regression_suite PASSED [ 82%]
backend/tests/test_day1_metrics.py::test_evaluation_service_classification_suite PASSED [ 88%]
backend/tests/test_day1_metrics.py::test_run_experiment_stores_regression_metrics PASSED [ 94%]
backend/tests/test_day1_metrics.py::test_run_experiment_stores_classification_metrics PASSED [100%]

============================= 17 passed in 35.65s =============================
