============================= test session starts =============================
platform win32 -- Python 3.13.14, pytest-9.1.1, pluggy-1.6.0 -- C:\Users\HP\AppData\Local\Programs\Python\Python313\python.exe
cachedir: .pytest_cache
rootdir: D:\Python\Data sets by campusx\Mangesh
configfile: pytest.ini
plugins: anyio-4.14.2, Faker-40.38.0, asyncio-1.4.0, cov-7.1.0, flask-1.3.0
asyncio: mode=Mode.STRICT, debug=False, asyncio_default_fixture_loop_scope=None, asyncio_default_test_loop_scope=function
collecting ... collected 74 items

backend/tests/test_auth_signup_flow.py::test_signup_successful PASSED    [  1%]
backend/tests/test_auth_signup_flow.py::test_signup_rejects_role_field_with_400 PASSED [  2%]
backend/tests/test_auth_signup_flow.py::test_signup_rejects_role_name_field_with_400 PASSED [  4%]
backend/tests/test_auth_signup_flow.py::test_signup_duplicate_email_rejected PASSED [  5%]
backend/tests/test_auth_signup_flow.py::test_login_successful_and_jwt_verification PASSED [  6%]
backend/tests/test_auth_signup_flow.py::test_login_invalid_credentials PASSED [  8%]
backend/tests/test_bootstrap_admin_and_permissions.py::test_bootstrap_admin_creation_and_refusal PASSED [  9%]
backend/tests/test_bootstrap_admin_and_permissions.py::test_require_permission_role_default_denial PASSED [ 10%]
backend/tests/test_bootstrap_admin_and_permissions.py::test_require_permission_override_grant PASSED [ 12%]
backend/tests/test_bootstrap_admin_and_permissions.py::test_require_permission_override_revoke PASSED [ 13%]
backend/tests/test_contract.py::test_algorithm_set_composition PASSED    [ 14%]
backend/tests/test_contract.py::test_feature_selection_defaults PASSED   [ 16%]
backend/tests/test_contract.py::test_hash_and_versioning_policy PASSED   [ 17%]
backend/tests/test_contract.py::test_reproducibility_tolerances PASSED   [ 18%]
backend/tests/test_contract.py::test_metrics_definition PASSED           [ 20%]
backend/tests/test_contract.py::test_error_response_schema PASSED        [ 21%]
backend/tests/test_contract.py::test_cursor_pagination_schema PASSED     [ 22%]
backend/tests/test_demo_accounts.py::test_demo_accounts_non_admin_roles PASSED [ 24%]
backend/tests/test_demo_accounts.py::test_demo_accounts_permission_differences PASSED [ 25%]
backend/tests/test_demo_accounts.py::test_only_approver_has_deploy_endpoint_access PASSED [ 27%]
backend/tests/test_no_role_name_authorization.py::test_static_scan_no_role_name_authorization PASSED [ 28%]
backend/tests/test_state_legality.py::test_legal_deployment_approval_triplet PASSED [ 29%]
backend/tests/test_state_legality.py::test_rejection_when_model_is_not_deployable[TRAINED0] PASSED [ 31%]
backend/tests/test_state_legality.py::test_rejection_when_model_is_not_deployable[ARTIFACT_VERIFIED0] PASSED [ 32%]
backend/tests/test_state_legality.py::test_rejection_when_model_is_not_deployable[ARTIFACT_INVALID0] PASSED [ 33%]
backend/tests/test_state_legality.py::test_rejection_when_model_is_not_deployable[TRAINED1] PASSED [ 35%]
backend/tests/test_state_legality.py::test_rejection_when_model_is_not_deployable[ARTIFACT_VERIFIED1] PASSED [ 36%]
backend/tests/test_state_legality.py::test_rejection_when_model_is_not_deployable[ARTIFACT_INVALID1] PASSED [ 37%]
backend/tests/test_state_legality.py::test_rejection_when_experiment_is_not_registered[CREATED0] PASSED [ 39%]
backend/tests/test_state_legality.py::test_rejection_when_experiment_is_not_registered[CONFIGURED0] PASSED [ 40%]
backend/tests/test_state_legality.py::test_rejection_when_experiment_is_not_registered[TRAINING0] PASSED [ 41%]
backend/tests/test_state_legality.py::test_rejection_when_experiment_is_not_registered[EVALUATED0] PASSED [ 43%]
backend/tests/test_state_legality.py::test_rejection_when_experiment_is_not_registered[TEST_CONSUMED0] PASSED [ 44%]
backend/tests/test_state_legality.py::test_rejection_when_experiment_is_not_registered[TRAINING_FAILED0] PASSED [ 45%]
backend/tests/test_state_legality.py::test_rejection_when_experiment_is_not_registered[ARTIFACT_WRITE_FAILED0] PASSED [ 47%]
backend/tests/test_state_legality.py::test_rejection_when_experiment_is_not_registered[CREATED1] PASSED [ 48%]
backend/tests/test_state_legality.py::test_rejection_when_experiment_is_not_registered[CONFIGURED1] PASSED [ 50%]
backend/tests/test_state_legality.py::test_rejection_when_experiment_is_not_registered[TRAINING1] PASSED [ 51%]
backend/tests/test_state_legality.py::test_rejection_when_experiment_is_not_registered[EVALUATED1] PASSED [ 52%]
backend/tests/test_state_legality.py::test_rejection_when_experiment_is_not_registered[TEST_CONSUMED1] PASSED [ 54%]
backend/tests/test_state_legality.py::test_rejection_when_experiment_is_not_registered[TRAINING_FAILED1] PASSED [ 55%]
backend/tests/test_state_legality.py::test_rejection_when_experiment_is_not_registered[ARTIFACT_WRITE_FAILED1] PASSED [ 56%]
backend/tests/test_state_legality.py::test_rejection_when_deployment_is_not_gate_passed[CREATED0] PASSED [ 58%]
backend/tests/test_state_legality.py::test_rejection_when_deployment_is_not_gate_passed[GATE_PENDING0] PASSED [ 59%]
backend/tests/test_state_legality.py::test_rejection_when_deployment_is_not_gate_passed[GATE_BLOCKED0] PASSED [ 60%]
backend/tests/test_state_legality.py::test_rejection_when_deployment_is_not_gate_passed[APPROVED0] PASSED [ 62%]
backend/tests/test_state_legality.py::test_rejection_when_deployment_is_not_gate_passed[DEPLOYED0] PASSED [ 63%]
backend/tests/test_state_legality.py::test_rejection_when_deployment_is_not_gate_passed[PAUSED0] PASSED [ 64%]
backend/tests/test_state_legality.py::test_rejection_when_deployment_is_not_gate_passed[RETIRED0] PASSED [ 66%]
backend/tests/test_state_legality.py::test_rejection_when_deployment_is_not_gate_passed[CREATED1] PASSED [ 67%]
backend/tests/test_state_legality.py::test_rejection_when_deployment_is_not_gate_passed[GATE_PENDING1] PASSED [ 68%]
backend/tests/test_state_legality.py::test_rejection_when_deployment_is_not_gate_passed[GATE_BLOCKED1] PASSED [ 70%]
backend/tests/test_state_legality.py::test_rejection_when_deployment_is_not_gate_passed[APPROVED1] PASSED [ 71%]
backend/tests/test_state_legality.py::test_rejection_when_deployment_is_not_gate_passed[DEPLOYED1] PASSED [ 72%]
backend/tests/test_state_legality.py::test_rejection_when_deployment_is_not_gate_passed[PAUSED1] PASSED [ 74%]
backend/tests/test_state_legality.py::test_rejection_when_deployment_is_not_gate_passed[RETIRED1] PASSED [ 75%]
backend/tests/test_state_legality.py::test_state_legality_does_not_inspect_gate_conditions PASSED [ 77%]
backend/tests/test_state_legality.py::test_invalid_state_types_and_values PASSED [ 78%]
backend/tests/test_state_machines.py::test_project_state_members PASSED  [ 79%]
backend/tests/test_state_machines.py::test_experiment_state_members PASSED [ 81%]
backend/tests/test_state_machines.py::test_model_state_members PASSED    [ 82%]
backend/tests/test_state_machines.py::test_deployment_state_members PASSED [ 83%]
backend/tests/test_state_machines.py::test_experiment_happy_path_progression PASSED [ 85%]
backend/tests/test_state_machines.py::test_experiment_training_failure_and_retry PASSED [ 86%]
backend/tests/test_state_machines.py::test_experiment_artifact_write_failure_and_retry PASSED [ 87%]
backend/tests/test_state_machines.py::test_experiment_registered_is_terminal PASSED [ 89%]
backend/tests/test_state_machines.py::test_model_happy_path_and_invalid_artifacts PASSED [ 90%]
backend/tests/test_state_machines.py::test_deployment_gate_and_lifecycle PASSED [ 91%]
backend/tests/test_state_machines.py::test_cross_machine_transitions_prohibited PASSED [ 93%]
backend/tests/test_api.py::test_code_version_utility PASSED              [ 94%]
backend/tests/test_api.py::test_auth_register_and_login PASSED           [ 95%]
backend/tests/test_api.py::test_permission_based_rbac_enforcement PASSED [ 97%]
backend/tests/test_api.py::test_project_crud_and_invariants PASSED       [ 98%]
backend/tests/test_api.py::test_dataset_upload_and_structural_schema_inference PASSED [100%]

======================== 74 passed in 74.38s (0:01:14) ========================
