============================= test session starts =============================
platform win32 -- Python 3.13.14, pytest-9.1.1, pluggy-1.6.0 -- C:\Users\HP\AppData\Local\Programs\Python\Python313\python.exe
cachedir: .pytest_cache
rootdir: D:\Python\Data sets by campusx\Mangesh
configfile: pytest.ini
plugins: anyio-4.14.2, Faker-40.38.0, asyncio-1.4.0, cov-7.1.0, flask-1.3.0
asyncio: mode=Mode.STRICT, debug=False, asyncio_default_fixture_loop_scope=None, asyncio_default_test_loop_scope=function
collecting ... collected 79 items

backend/tests/test_feature_selection.py::test_rank_aggregation_single_feature PASSED [  1%]
backend/tests/test_feature_selection.py::test_rank_aggregation_ties_average_ranking PASSED [  2%]
backend/tests/test_feature_selection.py::test_rank_aggregation_fold_with_skipped_technique PASSED [  3%]
backend/tests/test_feature_selection.py::test_four_selectors_classification PASSED [  5%]
backend/tests/test_feature_selection.py::test_four_selectors_regression PASSED [  6%]
backend/tests/test_feature_selection.py::test_cv_feature_selection_classification_end_to_end PASSED [  7%]
backend/tests/test_feature_selection.py::test_cv_feature_selection_regression_end_to_end PASSED [  8%]
backend/tests/test_feature_selection.py::test_feature_selection_threshold_updates PASSED [ 10%]
backend/tests/test_feature_selection.py::test_api_feature_selection_endpoints PASSED [ 11%]
backend/tests/test_feature_selection.py::test_api_feature_selection_viewer_cannot_run PASSED [ 12%]
backend/tests/test_feature_selection.py::test_cv_feature_selection_multiclass_and_zero_variance PASSED [ 13%]
backend/tests/test_week5_vector_suite.py::test_vector_1_rank_normalization_formula PASSED [ 15%]
backend/tests/test_week5_vector_suite.py::test_vector_2_single_feature_p1_boundary PASSED [ 16%]
backend/tests/test_week5_vector_suite.py::test_vector_3_average_rank_ties PASSED [ 17%]
backend/tests/test_week5_vector_suite.py::test_vector_4_kmin_kmax_clamps PASSED [ 18%]
backend/tests/test_week5_vector_suite.py::test_vector_5_failed_skipped_non_dilution PASSED [ 20%]
backend/tests/test_week5_vector_suite.py::test_vector_6_insufficient_evidence_abort PASSED [ 21%]
backend/tests/test_week5_vector_suite.py::test_vector_7_tie_break_determinism PASSED [ 22%]
backend/tests/test_week5_vector_suite.py::test_vector_8_platform_scope_boundary_rejection PASSED [ 24%]
backend/tests/test_day1_selectors.py::test_srs_rank_formula_p_equals_one_edge_case PASSED [ 25%]
backend/tests/test_day1_selectors.py::test_srs_rank_formula_empty_p_zero PASSED [ 26%]
backend/tests/test_day1_selectors.py::test_srs_rank_formula_strict_descending_order PASSED [ 27%]
backend/tests/test_day1_selectors.py::test_srs_rank_formula_average_rank_ties PASSED [ 29%]
backend/tests/test_day1_selectors.py::test_srs_rank_formula_all_tied_features PASSED [ 30%]
backend/tests/test_day1_selectors.py::test_srs_rank_formula_absolute_score_ranking PASSED [ 31%]
backend/tests/test_day1_selectors.py::test_srs_rank_formula_nan_and_inf_safety PASSED [ 32%]
backend/tests/test_day1_selectors.py::test_correlation_selector_regression PASSED [ 34%]
backend/tests/test_day1_selectors.py::test_correlation_selector_binary_classification PASSED [ 35%]
backend/tests/test_day1_selectors.py::test_correlation_selector_multiclass_classification PASSED [ 36%]
backend/tests/test_day1_selectors.py::test_correlation_selector_zero_variance_column PASSED [ 37%]
backend/tests/test_day1_selectors.py::test_correlation_selector_single_feature_p1 PASSED [ 39%]
backend/tests/test_day1_selectors.py::test_lasso_selector_regression PASSED [ 40%]
backend/tests/test_day1_selectors.py::test_lasso_selector_classification PASSED [ 41%]
backend/tests/test_day1_selectors.py::test_lasso_selector_multiclass PASSED [ 43%]
backend/tests/test_day1_selectors.py::test_lasso_selector_single_feature_p1 PASSED [ 44%]
backend/tests/test_day1_selectors.py::test_lasso_selector_reproducibility PASSED [ 45%]
backend/tests/test_day1_selectors.py::test_selector_pandas_dataframe_input PASSED [ 46%]
backend/tests/test_day2_selectors.py::test_exact_selector_naming PASSED  [ 48%]
backend/tests/test_day2_selectors.py::test_random_forest_importance_selector_regression PASSED [ 49%]
backend/tests/test_day2_selectors.py::test_random_forest_importance_selector_classification PASSED [ 50%]
backend/tests/test_day2_selectors.py::test_random_forest_importance_selector_multiclass PASSED [ 51%]
backend/tests/test_day2_selectors.py::test_random_forest_importance_selector_single_feature_p1 PASSED [ 53%]
backend/tests/test_day2_selectors.py::test_random_forest_importance_selector_skipped_cases PASSED [ 54%]
backend/tests/test_day2_selectors.py::test_random_forest_importance_selector_forced_failed_case PASSED [ 55%]
backend/tests/test_day2_selectors.py::test_permutation_importance_selector_regression PASSED [ 56%]
backend/tests/test_day2_selectors.py::test_permutation_importance_selector_classification PASSED [ 58%]
backend/tests/test_day2_selectors.py::test_permutation_importance_selector_single_feature_p1 PASSED [ 59%]
backend/tests/test_day2_selectors.py::test_permutation_importance_selector_skipped_cases PASSED [ 60%]
backend/tests/test_day2_selectors.py::test_permutation_importance_selector_forced_failed_case PASSED [ 62%]
backend/tests/test_day2_selectors.py::test_fold_aggregation_excludes_failed_and_skipped PASSED [ 63%]
backend/tests/test_day3_selectors.py::test_ensemble_score_aggregation_all_applied PASSED [ 64%]
backend/tests/test_day3_selectors.py::test_ensemble_score_aggregation_non_dilution_on_skipped_failed PASSED [ 65%]
backend/tests/test_day3_selectors.py::test_ensemble_score_aggregation_zero_applied PASSED [ 67%]
backend/tests/test_day3_selectors.py::test_ensemble_score_aggregation_empty_p_zero PASSED [ 68%]
backend/tests/test_day3_selectors.py::test_resolve_top_k_lower_clamp_boundary PASSED [ 69%]
backend/tests/test_day3_selectors.py::test_resolve_top_k_lower_clamp_small_p_bound PASSED [ 70%]
backend/tests/test_day3_selectors.py::test_resolve_top_k_upper_clamp_boundary PASSED [ 72%]
backend/tests/test_day3_selectors.py::test_resolve_top_k_in_range PASSED [ 73%]
backend/tests/test_day3_selectors.py::test_resolve_top_k_edge_cases PASSED [ 74%]
backend/tests/test_day3_selectors.py::test_resolve_top_k_default_contract_values PASSED [ 75%]
backend/tests/test_day3_selectors.py::test_apply_top_k_percent_selection_lower_clamp PASSED [ 77%]
backend/tests/test_day3_selectors.py::test_apply_top_k_percent_selection_upper_clamp PASSED [ 78%]
backend/tests/test_day3_selectors.py::test_apply_top_k_percent_selection_stable_ties PASSED [ 79%]
backend/tests/test_day3_selectors.py::test_apply_top_k_percent_selection_empty PASSED [ 81%]
backend/tests/test_day4_selectors.py::test_tie_break_priority_1_higher_ensemble_score PASSED [ 82%]
backend/tests/test_day4_selectors.py::test_tie_break_priority_2_lower_raw_rank_sum PASSED [ 83%]
backend/tests/test_day4_selectors.py::test_tie_break_priority_3_lexicographical_name PASSED [ 84%]
backend/tests/test_day4_selectors.py::test_complex_multi_tier_tie_break_ordering PASSED [ 86%]
backend/tests/test_day4_selectors.py::test_cold_process_byte_identical_determinism PASSED [ 87%]
backend/tests/test_day5_selectors.py::test_evidence_strength_bands PASSED [ 88%]
backend/tests/test_day5_selectors.py::test_forced_one_of_four_applied_insufficient_evidence PASSED [ 89%]
backend/tests/test_day5_selectors.py::test_fold_results_and_snapshot_persistence_end_to_end PASSED [ 91%]
backend/tests/test_day5_selectors.py::test_cv_feature_selection_forced_one_applied_fold_aborts_selection PASSED [ 92%]
backend/tests/test_day6_selectors.py::test_api_rejection_rank_aggregation_stability_exact PASSED [ 93%]
backend/tests/test_day6_selectors.py::test_api_rejection_rank_aggregation_stability_case_insensitive PASSED [ 94%]
backend/tests/test_day6_selectors.py::test_api_rejection_selection_method_alias PASSED [ 96%]
backend/tests/test_day6_selectors.py::test_api_rejection_stability_keyword_variations PASSED [ 97%]
backend/tests/test_day6_selectors.py::test_service_layer_rejection_rank_aggregation_stability PASSED [ 98%]
backend/tests/test_day6_selectors.py::test_platform_accepted_method_rank_aggregation PASSED [100%]

============================= 79 passed in 52.07s =============================
