============================= test session starts =============================
platform win32 -- Python 3.13.14, pytest-9.1.1, pluggy-1.6.0 -- C:\Users\HP\AppData\Local\Programs\Python\Python313\python.exe
cachedir: .pytest_cache
rootdir: D:\Python\Data sets by campusx\Mangesh
configfile: pytest.ini
plugins: anyio-4.14.2, Faker-40.38.0, asyncio-1.4.0, cov-7.1.0, flask-1.3.0
asyncio: mode=Mode.STRICT, debug=False, asyncio_default_fixture_loop_scope=None, asyncio_default_test_loop_scope=function
collecting ... collected 23 items

backend/tests/test_day1_storage_and_upload.py::test_local_storage_service_unit PASSED [  4%]
backend/tests/test_day1_storage_and_upload.py::test_storage_service_singleton PASSED [  8%]
backend/tests/test_day1_storage_and_upload.py::test_dataset_upload_csv PASSED [ 13%]
backend/tests/test_day1_storage_and_upload.py::test_dataset_upload_version_increment PASSED [ 17%]
backend/tests/test_day1_storage_and_upload.py::test_dataset_upload_excel_and_json PASSED [ 21%]
backend/tests/test_day1_storage_and_upload.py::test_dataset_upload_errors_and_rbac PASSED [ 26%]
backend/tests/test_day2_structural_validation_and_row_uid.py::test_structural_schema_detection_and_invariants PASSED [ 30%]
backend/tests/test_day2_structural_validation_and_row_uid.py::test_immutable_row_uid_assignment_and_persistence PASSED [ 34%]
backend/tests/test_day2_structural_validation_and_row_uid.py::test_split_references_row_uid PASSED [ 39%]
backend/tests/test_day3_outer_split_and_content_hash.py::test_sha256_content_hash_computed_and_stored PASSED [ 43%]
backend/tests/test_day3_outer_split_and_content_hash.py::test_duplicate_dataset_same_project_rejected PASSED [ 47%]
backend/tests/test_day3_outer_split_and_content_hash.py::test_duplicate_dataset_different_project_allowed PASSED [ 52%]
backend/tests/test_day3_outer_split_and_content_hash.py::test_outer_split_membership_keyed_by_row_uid PASSED [ 56%]
backend/tests/test_day3_outer_split_and_content_hash.py::test_outer_split_immutability PASSED [ 60%]
backend/tests/test_day3_outer_split_and_content_hash.py::test_project_state_transitions_data_uploaded_to_split_locked PASSED [ 65%]
backend/tests/test_day3_outer_split_and_content_hash.py::test_get_development_data_retrieves_strictly_development_partition PASSED [ 69%]
backend/tests/test_day4_leakage_and_reordering.py::test_locked_test_indices PASSED [ 73%]
backend/tests/test_day4_leakage_and_reordering.py::test_split_membership_survives_underlying_data_reordering PASSED [ 78%]
backend/tests/test_dataset_split.py::test_adversarial_locked_test_leakage_barrier PASSED [ 82%]
backend/tests/test_dataset_split.py::test_split_reproducibility PASSED   [ 86%]
backend/tests/test_dataset_split.py::test_double_split_rejection PASSED  [ 91%]
backend/tests/test_dataset_split.py::test_content_hash_integrity_and_backfill PASSED [ 95%]
backend/tests/test_dataset_split.py::test_project_pipeline_stage_and_guard PASSED [100%]

======================= 23 passed in 100.28s (0:01:40) ========================
